<?xml version="1.0" encoding="UTF-8"?>
<testsuite xmlns:xsi="http://www.w3.org/2001/XMLSchema-instance" xsi:noNamespaceSchemaLocation="https://maven.apache.org/surefire/maven-surefire-plugin/xsd/surefire-test-report-3.0.xsd" version="3.0" name="com.excelr.bookmyflights.BookMyFlightApplicationTests" time="9.163" tests="1" errors="0" skipped="0" failures="0">
  <properties>
[...]
</properties>
  <testcase name="contextLoads" classname="com.excelr.bookmyflights.BookMyFlightApplicationTests" time="1.71">
    <system-out><![CDATA[16:18:11.663 [main] INFO org.springframework.test.context.support.AnnotationConfigContextLoaderUtils -- Could not detect default configuration classes for test class [com.excelr.bookmyflights.BookMyFlightApplicationTests]: BookMyFlightApplicationTests does not declare any static, non-private, non-final, nested classes annotated with @Configuration.
16:18:11.872 [main] INFO org.springframework.boot.test.context.SpringBootTestContextBootstrapper -- Found @SpringBootConfiguration com.excelr.bookmyflights.BookMyFlightApplication for test class com.excelr.bookmyflights.BookMyFlightApplicationTests
16:18:12.321 [main] INFO org.springframework.boot.devtools.restart.RestartApplicationListener -- Restart disabled due to context in which it is running

  .   ____          _            __ _ _
 /\\ / ___'_ __ _ _(_)_ __  __ _ \ \ \ \
( ( )\___ | '_ | '_| | '_ \/ _` | \ \ \ \
 \\/  ___)| |_)| | | | | || (_| |  ) ) ) )
  '  |____| .__|_| |_|_| |_\__, | / / / /
 =========|_|==============|___/=/_/_/_/
 :: Spring Boot ::                (v3.2.1)

2024-03-04T16:18:12.906+03:00  WARN 21564 --- [           main] ory$DuplicateJsonObjectContextCustomizer : 

Found multiple occurrences of org.json.JSONObject on the class path:

	jar:file:/C:/Users/aadip/.m2/repository/com/vaadin/external/google/android-json/0.0.20131108.vaadin1/android-json-0.0.20131108.vaadin1.jar!/org/json/JSONObject.class
	jar:file:/C:/Users/aadip/.m2/repository/org/json/json/20210307/json-20210307.jar!/org/json/JSONObject.class

You may wish to exclude one of them to ensure predictable runtime behavior

2024-03-04T16:18:12.955+03:00  INFO 21564 --- [           main] c.e.b.BookMyFlightApplicationTests       : Starting BookMyFlightApplicationTests using Java 17.0.7 with PID 21564 (started by aadip in c:\Users\aadip\OneDrive - University of Waterloo\Projects\bookmyflights-excelr\bookmyflights)
2024-03-04T16:18:12.955+03:00  INFO 21564 --- [           main] c.e.b.BookMyFlightApplicationTests       : No active profile set, falling back to 1 default profile: "default"
2024-03-04T16:18:14.703+03:00  INFO 21564 --- [           main] .s.d.r.c.RepositoryConfigurationDelegate : Bootstrapping Spring Data MongoDB repositories in DEFAULT mode.
2024-03-04T16:18:14.840+03:00  INFO 21564 --- [           main] .s.d.r.c.RepositoryConfigurationDelegate : Finished Spring Data repository scanning in 124 ms. Found 3 MongoDB repository interfaces.
2024-03-04T16:18:15.851+03:00  INFO 21564 --- [           main] org.mongodb.driver.client                : MongoClient with metadata {"driver": {"name": "mongo-java-driver|sync|spring-boot", "version": "4.11.1"}, "os": {"type": "Windows", "name": "Windows 11", "architecture": "amd64", "version": "10.0"}, "platform": "Java/Eclipse Adoptium/17.0.7+7"} created with settings MongoClientSettings{readPreference=primary, writeConcern=WriteConcern{w=null, wTimeout=null ms, journal=null}, retryWrites=true, retryReads=true, readConcern=ReadConcern{level=null}, credential=MongoCredential{mechanism=null, userName='aadipum', source='admin', password=<hidden>, mechanismProperties=<hidden>}, transportSettings=null, streamFactoryFactory=null, commandListeners=[], codecRegistry=ProvidersCodecRegistry{codecProviders=[ValueCodecProvider{}, BsonValueCodecProvider{}, DBRefCodecProvider{}, DBObjectCodecProvider{}, DocumentCodecProvider{}, CollectionCodecProvider{}, IterableCodecProvider{}, MapCodecProvider{}, GeoJsonCodecProvider{}, GridFSFileCodecProvider{}, Jsr310CodecProvider{}, JsonObjectCodecProvider{}, BsonCodecProvider{}, EnumCodecProvider{}, com.mongodb.client.model.mql.ExpressionCodecProvider@33bb3f86, com.mongodb.Jep395RecordCodecProvider@1946384, com.mongodb.KotlinCodecProvider@6ac4c3f7]}, loggerSettings=LoggerSettings{maxDocumentLength=1000}, clusterSettings={hosts=[127.0.0.1:27017], srvHost=flightbookingcluster.i5vxv.mongodb.net, srvServiceName=mongodb, mode=MULTIPLE, requiredClusterType=REPLICA_SET, requiredReplicaSetName='atlas-kcn08p-shard-0', serverSelector='null', clusterListeners='[]', serverSelectionTimeout='30000 ms', localThreshold='15 ms'}, socketSettings=SocketSettings{connectTimeoutMS=10000, readTimeoutMS=0, receiveBufferSize=0, proxySettings=ProxySettings{host=null, port=null, username=null, password=null}}, heartbeatSocketSettings=SocketSettings{connectTimeoutMS=10000, readTimeoutMS=10000, receiveBufferSize=0, proxySettings=ProxySettings{host=null, port=null, username=null, password=null}}, connectionPoolSettings=ConnectionPoolSettings{maxSize=100, minSize=0, maxWaitTimeMS=120000, maxConnectionLifeTimeMS=0, maxConnectionIdleTimeMS=0, maintenanceInitialDelayMS=0, maintenanceFrequencyMS=60000, connectionPoolListeners=[], maxConnecting=2}, serverSettings=ServerSettings{heartbeatFrequencyMS=10000, minHeartbeatFrequencyMS=500, serverListeners='[]', serverMonitorListeners='[]'}, sslSettings=SslSettings{enabled=true, invalidHostNameAllowed=false, context=null}, applicationName='null', compressorList=[], uuidRepresentation=JAVA_LEGACY, serverApi=null, autoEncryptionSettings=null, dnsClient=null, inetAddressResolver=null, contextProvider=null}
2024-03-04T16:18:15.891+03:00  INFO 21564 --- [vxv.mongodb.net] org.mongodb.driver.cluster               : Adding discovered server flightbookingcluster-shard-00-00.i5vxv.mongodb.net:27017 to client view of cluster
2024-03-04T16:18:15.958+03:00  INFO 21564 --- [vxv.mongodb.net] org.mongodb.driver.cluster               : Adding discovered server flightbookingcluster-shard-00-01.i5vxv.mongodb.net:27017 to client view of cluster
2024-03-04T16:18:15.970+03:00  INFO 21564 --- [vxv.mongodb.net] org.mongodb.driver.cluster               : Adding discovered server flightbookingcluster-shard-00-02.i5vxv.mongodb.net:27017 to client view of cluster
2024-03-04T16:18:17.303+03:00  INFO 21564 --- [ngodb.net:27017] org.mongodb.driver.cluster               : Monitor thread successfully connected to server with description ServerDescription{address=flightbookingcluster-shard-00-02.i5vxv.mongodb.net:27017, type=REPLICA_SET_SECONDARY, state=CONNECTED, ok=true, minWireVersion=0, maxWireVersion=17, maxDocumentSize=16777216, logicalSessionTimeoutMinutes=30, roundTripTimeNanos=661654300, setName='atlas-kcn08p-shard-0', canonicalAddress=flightbookingcluster-shard-00-02.i5vxv.mongodb.net:27017, hosts=[flightbookingcluster-shard-00-02.i5vxv.mongodb.net:27017, flightbookingcluster-shard-00-00.i5vxv.mongodb.net:27017, flightbookingcluster-shard-00-01.i5vxv.mongodb.net:27017], passives=[], arbiters=[], primary='flightbookingcluster-shard-00-01.i5vxv.mongodb.net:27017', tagSet=TagSet{[Tag{name='availabilityZone', value='aps1-az2'}, Tag{name='diskState', value='READY'}, Tag{name='nodeType', value='ELECTABLE'}, Tag{name='provider', value='AWS'}, Tag{name='region', value='AP_SOUTH_1'}, Tag{name='workloadType', value='OPERATIONAL'}]}, electionId=null, setVersion=1, topologyVersion=TopologyVersion{processId=65df67809927134ff811cb40, counter=3}, lastWriteDate=Mon Mar 04 16:18:05 AST 2024, lastUpdateTimeNanos=288235890226900}
2024-03-04T16:18:17.303+03:00  INFO 21564 --- [ngodb.net:27017] org.mongodb.driver.cluster               : Monitor thread successfully connected to server with description ServerDescription{address=flightbookingcluster-shard-00-00.i5vxv.mongodb.net:27017, type=REPLICA_SET_SECONDARY, state=CONNECTED, ok=true, minWireVersion=0, maxWireVersion=17, maxDocumentSize=16777216, logicalSessionTimeoutMinutes=30, roundTripTimeNanos=658192200, setName='atlas-kcn08p-shard-0', canonicalAddress=flightbookingcluster-shard-00-00.i5vxv.mongodb.net:27017, hosts=[flightbookingcluster-shard-00-02.i5vxv.mongodb.net:27017, flightbookingcluster-shard-00-00.i5vxv.mongodb.net:27017, flightbookingcluster-shard-00-01.i5vxv.mongodb.net:27017], passives=[], arbiters=[], primary='flightbookingcluster-shard-00-01.i5vxv.mongodb.net:27017', tagSet=TagSet{[Tag{name='availabilityZone', value='aps1-az1'}, Tag{name='diskState', value='READY'}, Tag{name='nodeType', value='ELECTABLE'}, Tag{name='provider', value='AWS'}, Tag{name='region', value='AP_SOUTH_1'}, Tag{name='workloadType', value='OPERATIONAL'}]}, electionId=null, setVersion=1, topologyVersion=TopologyVersion{processId=65df66dae99e7ebfa6206215, counter=4}, lastWriteDate=Mon Mar 04 16:18:05 AST 2024, lastUpdateTimeNanos=288235890226900}
2024-03-04T16:18:17.303+03:00  INFO 21564 --- [ngodb.net:27017] org.mongodb.driver.cluster               : Monitor thread successfully connected to server with description ServerDescription{address=flightbookingcluster-shard-00-01.i5vxv.mongodb.net:27017, type=REPLICA_SET_PRIMARY, state=CONNECTED, ok=true, minWireVersion=0, maxWireVersion=17, maxDocumentSize=16777216, logicalSessionTimeoutMinutes=30, roundTripTimeNanos=658156400, setName='atlas-kcn08p-shard-0', canonicalAddress=flightbookingcluster-shard-00-01.i5vxv.mongodb.net:27017, hosts=[flightbookingcluster-shard-00-02.i5vxv.mongodb.net:27017, flightbookingcluster-shard-00-00.i5vxv.mongodb.net:27017, flightbookingcluster-shard-00-01.i5vxv.mongodb.net:27017], passives=[], arbiters=[], primary='flightbookingcluster-shard-00-01.i5vxv.mongodb.net:27017', tagSet=TagSet{[Tag{name='availabilityZone', value='aps1-az3'}, Tag{name='diskState', value='READY'}, Tag{name='nodeType', value='ELECTABLE'}, Tag{name='provider', value='AWS'}, Tag{name='region', value='AP_SOUTH_1'}, Tag{name='workloadType', value='OPERATIONAL'}]}, electionId=7fffffff000000000000000a, setVersion=1, topologyVersion=TopologyVersion{processId=65df672c6373d2c98d172e5a, counter=6}, lastWriteDate=Mon Mar 04 16:18:05 AST 2024, lastUpdateTimeNanos=288235890227200}
2024-03-04T16:18:17.312+03:00  INFO 21564 --- [ngodb.net:27017] org.mongodb.driver.cluster               : Discovered replica set primary flightbookingcluster-shard-00-01.i5vxv.mongodb.net:27017 with max election id 7fffffff000000000000000a and max set version 1
2024-03-04T16:18:18.017+03:00  INFO 21564 --- [           main] o.s.s.web.DefaultSecurityFilterChain     : Will secure any request with [org.springframework.security.web.session.DisableEncodeUrlFilter@2969a9a6, org.springframework.security.web.context.request.async.WebAsyncManagerIntegrationFilter@25470477, org.springframework.security.web.context.SecurityContextHolderFilter@48cf8414, org.springframework.security.web.header.HeaderWriterFilter@d1c5cf2, org.springframework.web.filter.CorsFilter@6182ffef, org.springframework.security.web.authentication.logout.LogoutFilter@b94703b, com.excelr.bookmyflights.filter.JwtAuthFilter@49e479da, org.springframework.security.web.savedrequest.RequestCacheAwareFilter@15d65fcf, org.springframework.security.web.servletapi.SecurityContextHolderAwareRequestFilter@3b021664, org.springframework.security.web.authentication.AnonymousAuthenticationFilter@2d24cdd9, org.springframework.security.web.access.ExceptionTranslationFilter@300bb303, org.springframework.security.web.access.intercept.FilterSecurityInterceptor@171aa66]
2024-03-04T16:18:18.642+03:00  INFO 21564 --- [           main] c.e.b.BookMyFlightApplicationTests       : Started BookMyFlightApplicationTests in 6.361 seconds (process running for 8.568)
]]></system-out>
  </testcase>
</testsuite>